Calling target program-options parser
[16:14:20.374] [bmv2] [D] [thread 2582] Set default default entry for table 'tbl_basic598': basic598 - 
[16:14:20.374] [bmv2] [D] [thread 2582] Set default default entry for table 'tbl_basic605': basic605 - 
[16:14:20.374] [bmv2] [D] [thread 2582] Set default default entry for table 'tbl_send_pmu_to_control_plane': MyIngress.send_pmu_to_control_plane - 
[16:14:20.374] [bmv2] [D] [thread 2582] Set default default entry for table 'tbl_update_registers': MyIngress.update_registers - 
[16:14:20.374] [bmv2] [D] [thread 2582] Set default default entry for table 'tbl_basic635': basic635 - 
[16:14:20.374] [bmv2] [D] [thread 2582] Set default default entry for table 'tbl_update_registers_h3': MyIngress.update_registers_h3 - 
[16:14:20.374] [bmv2] [D] [thread 2582] Set default default entry for table 'tbl_basic667': basic667 - 
[16:14:20.374] [bmv2] [D] [thread 2582] Set default default entry for table 'tbl_update_registers_h4': MyIngress.update_registers_h4 - 
[16:14:20.374] [bmv2] [D] [thread 2582] Set default default entry for table 'MyIngress.ipv4_lpm': MyIngress.drop - 
Adding interface s1-eth1 as port 1
[16:14:20.375] [bmv2] [D] [thread 2582] Adding interface s1-eth1 as port 1
Adding interface s1-eth2 as port 2
[16:14:20.411] [bmv2] [D] [thread 2582] Adding interface s1-eth2 as port 2
Adding interface s1-eth3 as port 3
[16:14:20.447] [bmv2] [D] [thread 2582] Adding interface s1-eth3 as port 3
Adding interface s1-eth4 as port 4
[16:14:20.479] [bmv2] [D] [thread 2582] Adding interface s1-eth4 as port 4
Server listening on 0.0.0.0:50051
[16:14:20.527] [bmv2] [I] [thread 2582] Starting Thrift server on port 9090
[16:14:20.527] [bmv2] [I] [thread 2582] Thrift server was started
[16:14:20.529] [bmv2] [D] [thread 2596] [0.0] [cxt 0] Processing packet received on port 1
[16:14:20.529] [bmv2] [D] [thread 2596] [0.0] [cxt 0] Parser 'parser': start
[16:14:20.529] [bmv2] [D] [thread 2596] [0.0] [cxt 0] Parser 'parser' entering state 'start'
[16:14:20.529] [bmv2] [D] [thread 2596] [0.0] [cxt 0] Extracting header 'ethernet'
[16:14:20.529] [bmv2] [D] [thread 2596] [0.0] [cxt 0] Parser state 'start': key is 86dd
[16:14:20.529] [bmv2] [T] [thread 2596] [0.0] [cxt 0] Bytes parsed: 14
[16:14:20.529] [bmv2] [D] [thread 2596] [0.0] [cxt 0] Parser 'parser': end
[16:14:20.529] [bmv2] [D] [thread 2596] [0.0] [cxt 0] Pipeline 'ingress': start
[16:14:20.529] [bmv2] [T] [thread 2596] [0.0] [cxt 0] basic.p4(596) Condition "hdr.ipv4.isValid()" (node_2) is false
[16:14:20.529] [bmv2] [D] [thread 2596] [0.0] [cxt 0] Pipeline 'ingress': end
[16:14:20.529] [bmv2] [D] [thread 2596] [0.0] [cxt 0] Egress port is 0
[16:14:20.529] [bmv2] [D] [thread 2597] [0.0] [cxt 0] Pipeline 'egress': start
[16:14:20.529] [bmv2] [D] [thread 2597] [0.0] [cxt 0] Pipeline 'egress': end
[16:14:20.529] [bmv2] [D] [thread 2597] [0.0] [cxt 0] Deparser 'deparser': start
[16:14:20.529] [bmv2] [T] [thread 2597] [0.0] [cxt 0] Skipping checksum 'cksum' update because condition not met
[16:14:20.529] [bmv2] [D] [thread 2597] [0.0] [cxt 0] Deparsing header 'ethernet'
[16:14:20.529] [bmv2] [D] [thread 2597] [0.0] [cxt 0] Deparser 'deparser': end
[16:14:20.529] [bmv2] [D] [thread 2601] [0.0] [cxt 0] Transmitting packet of size 90 out of port 0
[16:14:20.530] [bmv2] [D] [thread 2596] [1.0] [cxt 0] Processing packet received on port 2
[16:14:20.530] [bmv2] [D] [thread 2596] [1.0] [cxt 0] Parser 'parser': start
[16:14:20.530] [bmv2] [D] [thread 2596] [1.0] [cxt 0] Parser 'parser' entering state 'start'
[16:14:20.530] [bmv2] [D] [thread 2596] [1.0] [cxt 0] Extracting header 'ethernet'
[16:14:20.530] [bmv2] [D] [thread 2596] [1.0] [cxt 0] Parser state 'start': key is 86dd
[16:14:20.530] [bmv2] [T] [thread 2596] [1.0] [cxt 0] Bytes parsed: 14
[16:14:20.530] [bmv2] [D] [thread 2596] [1.0] [cxt 0] Parser 'parser': end
[16:14:20.530] [bmv2] [D] [thread 2596] [1.0] [cxt 0] Pipeline 'ingress': start
[16:14:20.530] [bmv2] [T] [thread 2596] [1.0] [cxt 0] basic.p4(596) Condition "hdr.ipv4.isValid()" (node_2) is false
[16:14:20.530] [bmv2] [D] [thread 2596] [1.0] [cxt 0] Pipeline 'ingress': end
[16:14:20.530] [bmv2] [D] [thread 2596] [1.0] [cxt 0] Egress port is 0
[16:14:20.530] [bmv2] [D] [thread 2596] [2.0] [cxt 0] Processing packet received on port 3
[16:14:20.530] [bmv2] [D] [thread 2596] [2.0] [cxt 0] Parser 'parser': start
[16:14:20.530] [bmv2] [D] [thread 2596] [2.0] [cxt 0] Parser 'parser' entering state 'start'
[16:14:20.530] [bmv2] [D] [thread 2596] [2.0] [cxt 0] Extracting header 'ethernet'
[16:14:20.530] [bmv2] [D] [thread 2596] [2.0] [cxt 0] Parser state 'start': key is 86dd
[16:14:20.531] [bmv2] [T] [thread 2596] [2.0] [cxt 0] Bytes parsed: 14
[16:14:20.531] [bmv2] [D] [thread 2596] [2.0] [cxt 0] Parser 'parser': end
[16:14:20.531] [bmv2] [D] [thread 2596] [2.0] [cxt 0] Pipeline 'ingress': start
[16:14:20.531] [bmv2] [T] [thread 2596] [2.0] [cxt 0] basic.p4(596) Condition "hdr.ipv4.isValid()" (node_2) is false
[16:14:20.531] [bmv2] [D] [thread 2596] [2.0] [cxt 0] Pipeline 'ingress': end
[16:14:20.531] [bmv2] [D] [thread 2596] [2.0] [cxt 0] Egress port is 0
[16:14:20.531] [bmv2] [D] [thread 2597] [1.0] [cxt 0] Pipeline 'egress': start
[16:14:20.531] [bmv2] [D] [thread 2597] [1.0] [cxt 0] Pipeline 'egress': end
[16:14:20.531] [bmv2] [D] [thread 2597] [1.0] [cxt 0] Deparser 'deparser': start
[16:14:20.531] [bmv2] [T] [thread 2597] [1.0] [cxt 0] Skipping checksum 'cksum' update because condition not met
[16:14:20.531] [bmv2] [D] [thread 2597] [1.0] [cxt 0] Deparsing header 'ethernet'
[16:14:20.531] [bmv2] [D] [thread 2597] [1.0] [cxt 0] Deparser 'deparser': end
[16:14:20.531] [bmv2] [D] [thread 2597] [2.0] [cxt 0] Pipeline 'egress': start
[16:14:20.531] [bmv2] [D] [thread 2597] [2.0] [cxt 0] Pipeline 'egress': end
[16:14:20.531] [bmv2] [D] [thread 2601] [1.0] [cxt 0] Transmitting packet of size 90 out of port 0
[16:14:20.531] [bmv2] [D] [thread 2597] [2.0] [cxt 0] Deparser 'deparser': start
[16:14:20.531] [bmv2] [T] [thread 2597] [2.0] [cxt 0] Skipping checksum 'cksum' update because condition not met
[16:14:20.531] [bmv2] [D] [thread 2597] [2.0] [cxt 0] Deparsing header 'ethernet'
[16:14:20.531] [bmv2] [D] [thread 2597] [2.0] [cxt 0] Deparser 'deparser': end
[16:14:20.531] [bmv2] [D] [thread 2601] [2.0] [cxt 0] Transmitting packet of size 86 out of port 0
[16:14:20.579] [bmv2] [D] [thread 2596] [3.0] [cxt 0] Processing packet received on port 1
[16:14:20.579] [bmv2] [D] [thread 2596] [3.0] [cxt 0] Parser 'parser': start
[16:14:20.579] [bmv2] [D] [thread 2596] [3.0] [cxt 0] Parser 'parser' entering state 'start'
[16:14:20.579] [bmv2] [D] [thread 2596] [3.0] [cxt 0] Extracting header 'ethernet'
[16:14:20.579] [bmv2] [D] [thread 2596] [3.0] [cxt 0] Parser state 'start': key is 86dd
[16:14:20.579] [bmv2] [T] [thread 2596] [3.0] [cxt 0] Bytes parsed: 14
[16:14:20.579] [bmv2] [D] [thread 2596] [3.0] [cxt 0] Parser 'parser': end
[16:14:20.579] [bmv2] [D] [thread 2596] [3.0] [cxt 0] Pipeline 'ingress': start
[16:14:20.579] [bmv2] [T] [thread 2596] [3.0] [cxt 0] basic.p4(596) Condition "hdr.ipv4.isValid()" (node_2) is false
[16:14:20.579] [bmv2] [D] [thread 2596] [3.0] [cxt 0] Pipeline 'ingress': end
[16:14:20.579] [bmv2] [D] [thread 2596] [3.0] [cxt 0] Egress port is 0
[16:14:20.579] [bmv2] [D] [thread 2597] [3.0] [cxt 0] Pipeline 'egress': start
[16:14:20.579] [bmv2] [D] [thread 2597] [3.0] [cxt 0] Pipeline 'egress': end
[16:14:20.579] [bmv2] [D] [thread 2597] [3.0] [cxt 0] Deparser 'deparser': start
[16:14:20.579] [bmv2] [T] [thread 2597] [3.0] [cxt 0] Skipping checksum 'cksum' update because condition not met
[16:14:20.579] [bmv2] [D] [thread 2597] [3.0] [cxt 0] Deparsing header 'ethernet'
[16:14:20.579] [bmv2] [D] [thread 2597] [3.0] [cxt 0] Deparser 'deparser': end
[16:14:20.579] [bmv2] [D] [thread 2601] [3.0] [cxt 0] Transmitting packet of size 86 out of port 0
[16:14:20.676] [bmv2] [D] [thread 2596] [4.0] [cxt 0] Processing packet received on port 4
[16:14:20.676] [bmv2] [D] [thread 2596] [4.0] [cxt 0] Parser 'parser': start
[16:14:20.676] [bmv2] [D] [thread 2596] [4.0] [cxt 0] Parser 'parser' entering state 'start'
[16:14:20.676] [bmv2] [D] [thread 2596] [4.0] [cxt 0] Extracting header 'ethernet'
[16:14:20.676] [bmv2] [D] [thread 2596] [4.0] [cxt 0] Parser state 'start': key is 86dd
[16:14:20.676] [bmv2] [T] [thread 2596] [4.0] [cxt 0] Bytes parsed: 14
[16:14:20.676] [bmv2] [D] [thread 2596] [4.0] [cxt 0] Parser 'parser': end
[16:14:20.676] [bmv2] [D] [thread 2596] [4.0] [cxt 0] Pipeline 'ingress': start
[16:14:20.676] [bmv2] [T] [thread 2596] [4.0] [cxt 0] basic.p4(596) Condition "hdr.ipv4.isValid()" (node_2) is false
[16:14:20.676] [bmv2] [D] [thread 2596] [4.0] [cxt 0] Pipeline 'ingress': end
[16:14:20.676] [bmv2] [D] [thread 2596] [4.0] [cxt 0] Egress port is 0
[16:14:20.676] [bmv2] [D] [thread 2597] [4.0] [cxt 0] Pipeline 'egress': start
[16:14:20.676] [bmv2] [D] [thread 2597] [4.0] [cxt 0] Pipeline 'egress': end
[16:14:20.676] [bmv2] [D] [thread 2597] [4.0] [cxt 0] Deparser 'deparser': start
[16:14:20.676] [bmv2] [T] [thread 2597] [4.0] [cxt 0] Skipping checksum 'cksum' update because condition not met
[16:14:20.676] [bmv2] [D] [thread 2597] [4.0] [cxt 0] Deparsing header 'ethernet'
[16:14:20.676] [bmv2] [D] [thread 2597] [4.0] [cxt 0] Deparser 'deparser': end
[16:14:20.676] [bmv2] [D] [thread 2601] [4.0] [cxt 0] Transmitting packet of size 90 out of port 0
[16:14:20.875] [bmv2] [D] [thread 2596] [5.0] [cxt 0] Processing packet received on port 2
[16:14:20.875] [bmv2] [D] [thread 2596] [5.0] [cxt 0] Parser 'parser': start
[16:14:20.875] [bmv2] [D] [thread 2596] [5.0] [cxt 0] Parser 'parser' entering state 'start'
[16:14:20.875] [bmv2] [D] [thread 2596] [5.0] [cxt 0] Extracting header 'ethernet'
[16:14:20.875] [bmv2] [D] [thread 2596] [5.0] [cxt 0] Parser state 'start': key is 86dd
[16:14:20.875] [bmv2] [T] [thread 2596] [5.0] [cxt 0] Bytes parsed: 14
[16:14:20.875] [bmv2] [D] [thread 2596] [5.0] [cxt 0] Parser 'parser': end
[16:14:20.875] [bmv2] [D] [thread 2596] [5.0] [cxt 0] Pipeline 'ingress': start
[16:14:20.875] [bmv2] [T] [thread 2596] [5.0] [cxt 0] basic.p4(596) Condition "hdr.ipv4.isValid()" (node_2) is false
[16:14:20.875] [bmv2] [D] [thread 2596] [5.0] [cxt 0] Pipeline 'ingress': end
[16:14:20.875] [bmv2] [D] [thread 2596] [5.0] [cxt 0] Egress port is 0
[16:14:20.875] [bmv2] [D] [thread 2597] [5.0] [cxt 0] Pipeline 'egress': start
[16:14:20.875] [bmv2] [D] [thread 2597] [5.0] [cxt 0] Pipeline 'egress': end
[16:14:20.875] [bmv2] [D] [thread 2597] [5.0] [cxt 0] Deparser 'deparser': start
[16:14:20.875] [bmv2] [T] [thread 2597] [5.0] [cxt 0] Skipping checksum 'cksum' update because condition not met
[16:14:20.875] [bmv2] [D] [thread 2597] [5.0] [cxt 0] Deparsing header 'ethernet'
[16:14:20.875] [bmv2] [D] [thread 2597] [5.0] [cxt 0] Deparser 'deparser': end
[16:14:20.875] [bmv2] [D] [thread 2601] [5.0] [cxt 0] Transmitting packet of size 86 out of port 0
[16:14:21.512] [bmv2] [D] [thread 2596] [6.0] [cxt 0] Processing packet received on port 4
[16:14:21.512] [bmv2] [D] [thread 2596] [6.0] [cxt 0] Parser 'parser': start
[16:14:21.512] [bmv2] [D] [thread 2596] [6.0] [cxt 0] Parser 'parser' entering state 'start'
[16:14:21.512] [bmv2] [D] [thread 2596] [6.0] [cxt 0] Extracting header 'ethernet'
[16:14:21.512] [bmv2] [D] [thread 2596] [6.0] [cxt 0] Parser state 'start': key is 86dd
[16:14:21.512] [bmv2] [T] [thread 2596] [6.0] [cxt 0] Bytes parsed: 14
[16:14:21.512] [bmv2] [D] [thread 2596] [6.0] [cxt 0] Parser 'parser': end
[16:14:21.513] [bmv2] [D] [thread 2596] [6.0] [cxt 0] Pipeline 'ingress': start
[16:14:21.513] [bmv2] [T] [thread 2596] [6.0] [cxt 0] basic.p4(596) Condition "hdr.ipv4.isValid()" (node_2) is false
[16:14:21.513] [bmv2] [D] [thread 2596] [6.0] [cxt 0] Pipeline 'ingress': end
[16:14:21.513] [bmv2] [D] [thread 2596] [6.0] [cxt 0] Egress port is 0
[16:14:21.513] [bmv2] [D] [thread 2597] [6.0] [cxt 0] Pipeline 'egress': start
[16:14:21.513] [bmv2] [D] [thread 2597] [6.0] [cxt 0] Pipeline 'egress': end
[16:14:21.513] [bmv2] [D] [thread 2597] [6.0] [cxt 0] Deparser 'deparser': start
[16:14:21.513] [bmv2] [T] [thread 2597] [6.0] [cxt 0] Skipping checksum 'cksum' update because condition not met
[16:14:21.513] [bmv2] [D] [thread 2597] [6.0] [cxt 0] Deparsing header 'ethernet'
[16:14:21.513] [bmv2] [D] [thread 2597] [6.0] [cxt 0] Deparser 'deparser': end
[16:14:21.513] [bmv2] [D] [thread 2596] [7.0] [cxt 0] Processing packet received on port 4
[16:14:21.513] [bmv2] [D] [thread 2596] [7.0] [cxt 0] Parser 'parser': start
[16:14:21.513] [bmv2] [D] [thread 2596] [7.0] [cxt 0] Parser 'parser' entering state 'start'
[16:14:21.513] [bmv2] [D] [thread 2596] [7.0] [cxt 0] Extracting header 'ethernet'
[16:14:21.513] [bmv2] [D] [thread 2596] [7.0] [cxt 0] Parser state 'start': key is 86dd
[16:14:21.513] [bmv2] [T] [thread 2596] [7.0] [cxt 0] Bytes parsed: 14
[16:14:21.513] [bmv2] [D] [thread 2596] [7.0] [cxt 0] Parser 'parser': end
[16:14:21.513] [bmv2] [D] [thread 2596] [7.0] [cxt 0] Pipeline 'ingress': start
[16:14:21.513] [bmv2] [T] [thread 2596] [7.0] [cxt 0] basic.p4(596) Condition "hdr.ipv4.isValid()" (node_2) is false
[16:14:21.513] [bmv2] [D] [thread 2596] [7.0] [cxt 0] Pipeline 'ingress': end
[16:14:21.513] [bmv2] [D] [thread 2596] [7.0] [cxt 0] Egress port is 0
[16:14:21.513] [bmv2] [D] [thread 2597] [7.0] [cxt 0] Pipeline 'egress': start
[16:14:21.513] [bmv2] [D] [thread 2597] [7.0] [cxt 0] Pipeline 'egress': end
[16:14:21.513] [bmv2] [D] [thread 2597] [7.0] [cxt 0] Deparser 'deparser': start
[16:14:21.513] [bmv2] [T] [thread 2597] [7.0] [cxt 0] Skipping checksum 'cksum' update because condition not met
[16:14:21.513] [bmv2] [D] [thread 2597] [7.0] [cxt 0] Deparsing header 'ethernet'
[16:14:21.513] [bmv2] [D] [thread 2597] [7.0] [cxt 0] Deparser 'deparser': end
[16:14:21.513] [bmv2] [D] [thread 2601] [6.0] [cxt 0] Transmitting packet of size 90 out of port 0
[16:14:21.513] [bmv2] [D] [thread 2601] [7.0] [cxt 0] Transmitting packet of size 70 out of port 0
[16:14:21.547] [bmv2] [D] [thread 2596] [8.0] [cxt 0] Processing packet received on port 3
[16:14:21.547] [bmv2] [D] [thread 2596] [8.0] [cxt 0] Parser 'parser': start
[16:14:21.547] [bmv2] [D] [thread 2596] [8.0] [cxt 0] Parser 'parser' entering state 'start'
[16:14:21.547] [bmv2] [D] [thread 2596] [8.0] [cxt 0] Extracting header 'ethernet'
[16:14:21.547] [bmv2] [D] [thread 2596] [8.0] [cxt 0] Parser state 'start': key is 86dd
[16:14:21.547] [bmv2] [T] [thread 2596] [8.0] [cxt 0] Bytes parsed: 14
[16:14:21.547] [bmv2] [D] [thread 2596] [8.0] [cxt 0] Parser 'parser': end
[16:14:21.547] [bmv2] [D] [thread 2596] [8.0] [cxt 0] Pipeline 'ingress': start
[16:14:21.547] [bmv2] [T] [thread 2596] [8.0] [cxt 0] basic.p4(596) Condition "hdr.ipv4.isValid()" (node_2) is false
[16:14:21.547] [bmv2] [D] [thread 2596] [8.0] [cxt 0] Pipeline 'ingress': end
[16:14:21.547] [bmv2] [D] [thread 2596] [8.0] [cxt 0] Egress port is 0
[16:14:21.547] [bmv2] [D] [thread 2597] [8.0] [cxt 0] Pipeline 'egress': start
[16:14:21.547] [bmv2] [D] [thread 2597] [8.0] [cxt 0] Pipeline 'egress': end
[16:14:21.547] [bmv2] [D] [thread 2597] [8.0] [cxt 0] Deparser 'deparser': start
[16:14:21.547] [bmv2] [T] [thread 2597] [8.0] [cxt 0] Skipping checksum 'cksum' update because condition not met
[16:14:21.547] [bmv2] [D] [thread 2597] [8.0] [cxt 0] Deparsing header 'ethernet'
[16:14:21.547] [bmv2] [D] [thread 2597] [8.0] [cxt 0] Deparser 'deparser': end
[16:14:21.547] [bmv2] [D] [thread 2596] [9.0] [cxt 0] Processing packet received on port 3
[16:14:21.547] [bmv2] [D] [thread 2596] [9.0] [cxt 0] Parser 'parser': start
[16:14:21.547] [bmv2] [D] [thread 2596] [9.0] [cxt 0] Parser 'parser' entering state 'start'
[16:14:21.547] [bmv2] [D] [thread 2601] [8.0] [cxt 0] Transmitting packet of size 90 out of port 0
[16:14:21.547] [bmv2] [D] [thread 2596] [9.0] [cxt 0] Extracting header 'ethernet'
[16:14:21.548] [bmv2] [D] [thread 2596] [9.0] [cxt 0] Parser state 'start': key is 86dd
[16:14:21.548] [bmv2] [T] [thread 2596] [9.0] [cxt 0] Bytes parsed: 14
[16:14:21.548] [bmv2] [D] [thread 2596] [9.0] [cxt 0] Parser 'parser': end
[16:14:21.548] [bmv2] [D] [thread 2596] [9.0] [cxt 0] Pipeline 'ingress': start
[16:14:21.548] [bmv2] [T] [thread 2596] [9.0] [cxt 0] basic.p4(596) Condition "hdr.ipv4.isValid()" (node_2) is false
[16:14:21.548] [bmv2] [D] [thread 2596] [9.0] [cxt 0] Pipeline 'ingress': end
[16:14:21.548] [bmv2] [D] [thread 2596] [9.0] [cxt 0] Egress port is 0
[16:14:21.548] [bmv2] [D] [thread 2597] [9.0] [cxt 0] Pipeline 'egress': start
[16:14:21.548] [bmv2] [D] [thread 2597] [9.0] [cxt 0] Pipeline 'egress': end
[16:14:21.548] [bmv2] [D] [thread 2597] [9.0] [cxt 0] Deparser 'deparser': start
[16:14:21.548] [bmv2] [T] [thread 2597] [9.0] [cxt 0] Skipping checksum 'cksum' update because condition not met
[16:14:21.548] [bmv2] [D] [thread 2597] [9.0] [cxt 0] Deparsing header 'ethernet'
[16:14:21.548] [bmv2] [D] [thread 2597] [9.0] [cxt 0] Deparser 'deparser': end
[16:14:21.548] [bmv2] [D] [thread 2601] [9.0] [cxt 0] Transmitting packet of size 70 out of port 0
[16:14:21.611] [bmv2] [D] [thread 2596] [10.0] [cxt 0] Processing packet received on port 1
[16:14:21.611] [bmv2] [D] [thread 2596] [10.0] [cxt 0] Parser 'parser': start
[16:14:21.611] [bmv2] [D] [thread 2596] [10.0] [cxt 0] Parser 'parser' entering state 'start'
[16:14:21.611] [bmv2] [D] [thread 2596] [10.0] [cxt 0] Extracting header 'ethernet'
[16:14:21.611] [bmv2] [D] [thread 2596] [10.0] [cxt 0] Parser state 'start': key is 86dd
[16:14:21.611] [bmv2] [T] [thread 2596] [10.0] [cxt 0] Bytes parsed: 14
[16:14:21.611] [bmv2] [D] [thread 2596] [10.0] [cxt 0] Parser 'parser': end
[16:14:21.611] [bmv2] [D] [thread 2596] [10.0] [cxt 0] Pipeline 'ingress': start
[16:14:21.611] [bmv2] [T] [thread 2596] [10.0] [cxt 0] basic.p4(596) Condition "hdr.ipv4.isValid()" (node_2) is false
[16:14:21.611] [bmv2] [D] [thread 2596] [10.0] [cxt 0] Pipeline 'ingress': end
[16:14:21.611] [bmv2] [D] [thread 2596] [10.0] [cxt 0] Egress port is 0
[16:14:21.611] [bmv2] [D] [thread 2597] [10.0] [cxt 0] Pipeline 'egress': start
[16:14:21.611] [bmv2] [D] [thread 2597] [10.0] [cxt 0] Pipeline 'egress': end
[16:14:21.611] [bmv2] [D] [thread 2597] [10.0] [cxt 0] Deparser 'deparser': start
[16:14:21.611] [bmv2] [T] [thread 2597] [10.0] [cxt 0] Skipping checksum 'cksum' update because condition not met
[16:14:21.611] [bmv2] [D] [thread 2597] [10.0] [cxt 0] Deparsing header 'ethernet'
[16:14:21.611] [bmv2] [D] [thread 2597] [10.0] [cxt 0] Deparser 'deparser': end
[16:14:21.611] [bmv2] [D] [thread 2596] [11.0] [cxt 0] Processing packet received on port 1
[16:14:21.611] [bmv2] [D] [thread 2596] [11.0] [cxt 0] Parser 'parser': start
[16:14:21.611] [bmv2] [D] [thread 2596] [11.0] [cxt 0] Parser 'parser' entering state 'start'
[16:14:21.611] [bmv2] [D] [thread 2596] [11.0] [cxt 0] Extracting header 'ethernet'
[16:14:21.611] [bmv2] [D] [thread 2596] [11.0] [cxt 0] Parser state 'start': key is 86dd
[16:14:21.611] [bmv2] [T] [thread 2596] [11.0] [cxt 0] Bytes parsed: 14
[16:14:21.611] [bmv2] [D] [thread 2596] [11.0] [cxt 0] Parser 'parser': end
[16:14:21.611] [bmv2] [D] [thread 2596] [11.0] [cxt 0] Pipeline 'ingress': start
[16:14:21.611] [bmv2] [T] [thread 2596] [11.0] [cxt 0] basic.p4(596) Condition "hdr.ipv4.isValid()" (node_2) is false
[16:14:21.611] [bmv2] [D] [thread 2601] [10.0] [cxt 0] Transmitting packet of size 90 out of port 0
[16:14:21.611] [bmv2] [D] [thread 2596] [11.0] [cxt 0] Pipeline 'ingress': end
[16:14:21.611] [bmv2] [D] [thread 2596] [11.0] [cxt 0] Egress port is 0
[16:14:21.611] [bmv2] [D] [thread 2597] [11.0] [cxt 0] Pipeline 'egress': start
[16:14:21.611] [bmv2] [D] [thread 2597] [11.0] [cxt 0] Pipeline 'egress': end
[16:14:21.611] [bmv2] [D] [thread 2597] [11.0] [cxt 0] Deparser 'deparser': start
[16:14:21.611] [bmv2] [T] [thread 2597] [11.0] [cxt 0] Skipping checksum 'cksum' update because condition not met
[16:14:21.611] [bmv2] [D] [thread 2597] [11.0] [cxt 0] Deparsing header 'ethernet'
[16:14:21.611] [bmv2] [D] [thread 2597] [11.0] [cxt 0] Deparser 'deparser': end
[16:14:21.611] [bmv2] [D] [thread 2601] [11.0] [cxt 0] Transmitting packet of size 70 out of port 0
[16:14:21.832] [bmv2] [D] [thread 2596] [12.0] [cxt 0] Processing packet received on port 4
[16:14:21.832] [bmv2] [D] [thread 2596] [12.0] [cxt 0] Parser 'parser': start
[16:14:21.832] [bmv2] [D] [thread 2596] [12.0] [cxt 0] Parser 'parser' entering state 'start'
[16:14:21.832] [bmv2] [D] [thread 2596] [12.0] [cxt 0] Extracting header 'ethernet'
[16:14:21.832] [bmv2] [D] [thread 2596] [12.0] [cxt 0] Parser state 'start': key is 86dd
[16:14:21.832] [bmv2] [T] [thread 2596] [12.0] [cxt 0] Bytes parsed: 14
[16:14:21.832] [bmv2] [D] [thread 2596] [12.0] [cxt 0] Parser 'parser': end
[16:14:21.832] [bmv2] [D] [thread 2596] [12.0] [cxt 0] Pipeline 'ingress': start
[16:14:21.832] [bmv2] [T] [thread 2596] [12.0] [cxt 0] basic.p4(596) Condition "hdr.ipv4.isValid()" (node_2) is false
[16:14:21.832] [bmv2] [D] [thread 2596] [12.0] [cxt 0] Pipeline 'ingress': end
[16:14:21.832] [bmv2] [D] [thread 2596] [12.0] [cxt 0] Egress port is 0
[16:14:21.832] [bmv2] [D] [thread 2597] [12.0] [cxt 0] Pipeline 'egress': start
[16:14:21.832] [bmv2] [D] [thread 2597] [12.0] [cxt 0] Pipeline 'egress': end
[16:14:21.832] [bmv2] [D] [thread 2597] [12.0] [cxt 0] Deparser 'deparser': start
[16:14:21.832] [bmv2] [T] [thread 2597] [12.0] [cxt 0] Skipping checksum 'cksum' update because condition not met
[16:14:21.832] [bmv2] [D] [thread 2597] [12.0] [cxt 0] Deparsing header 'ethernet'
[16:14:21.832] [bmv2] [D] [thread 2597] [12.0] [cxt 0] Deparser 'deparser': end
[16:14:21.832] [bmv2] [D] [thread 2601] [12.0] [cxt 0] Transmitting packet of size 90 out of port 0
[16:14:21.895] [bmv2] [D] [thread 2596] [13.0] [cxt 0] Processing packet received on port 2
[16:14:21.895] [bmv2] [D] [thread 2596] [13.0] [cxt 0] Parser 'parser': start
[16:14:21.895] [bmv2] [D] [thread 2596] [13.0] [cxt 0] Parser 'parser' entering state 'start'
[16:14:21.895] [bmv2] [D] [thread 2596] [13.0] [cxt 0] Extracting header 'ethernet'
[16:14:21.895] [bmv2] [D] [thread 2596] [13.0] [cxt 0] Parser state 'start': key is 86dd
[16:14:21.895] [bmv2] [T] [thread 2596] [13.0] [cxt 0] Bytes parsed: 14
[16:14:21.895] [bmv2] [D] [thread 2596] [13.0] [cxt 0] Parser 'parser': end
[16:14:21.895] [bmv2] [D] [thread 2596] [13.0] [cxt 0] Pipeline 'ingress': start
[16:14:21.895] [bmv2] [T] [thread 2596] [13.0] [cxt 0] basic.p4(596) Condition "hdr.ipv4.isValid()" (node_2) is false
[16:14:21.895] [bmv2] [D] [thread 2596] [13.0] [cxt 0] Pipeline 'ingress': end
[16:14:21.895] [bmv2] [D] [thread 2596] [13.0] [cxt 0] Egress port is 0
[16:14:21.896] [bmv2] [D] [thread 2596] [14.0] [cxt 0] Processing packet received on port 2
[16:14:21.896] [bmv2] [D] [thread 2596] [14.0] [cxt 0] Parser 'parser': start
[16:14:21.896] [bmv2] [D] [thread 2596] [14.0] [cxt 0] Parser 'parser' entering state 'start'
[16:14:21.896] [bmv2] [D] [thread 2596] [14.0] [cxt 0] Extracting header 'ethernet'
[16:14:21.896] [bmv2] [D] [thread 2596] [14.0] [cxt 0] Parser state 'start': key is 86dd
[16:14:21.896] [bmv2] [T] [thread 2596] [14.0] [cxt 0] Bytes parsed: 14
[16:14:21.896] [bmv2] [D] [thread 2596] [14.0] [cxt 0] Parser 'parser': end
[16:14:21.896] [bmv2] [D] [thread 2596] [14.0] [cxt 0] Pipeline 'ingress': start
[16:14:21.896] [bmv2] [T] [thread 2596] [14.0] [cxt 0] basic.p4(596) Condition "hdr.ipv4.isValid()" (node_2) is false
[16:14:21.896] [bmv2] [D] [thread 2596] [14.0] [cxt 0] Pipeline 'ingress': end
[16:14:21.896] [bmv2] [D] [thread 2596] [14.0] [cxt 0] Egress port is 0
[16:14:21.896] [bmv2] [D] [thread 2597] [13.0] [cxt 0] Pipeline 'egress': start
[16:14:21.896] [bmv2] [D] [thread 2597] [13.0] [cxt 0] Pipeline 'egress': end
[16:14:21.896] [bmv2] [D] [thread 2597] [13.0] [cxt 0] Deparser 'deparser': start
[16:14:21.896] [bmv2] [T] [thread 2597] [13.0] [cxt 0] Skipping checksum 'cksum' update because condition not met
[16:14:21.896] [bmv2] [D] [thread 2597] [13.0] [cxt 0] Deparsing header 'ethernet'
[16:14:21.896] [bmv2] [D] [thread 2597] [13.0] [cxt 0] Deparser 'deparser': end
[16:14:21.896] [bmv2] [D] [thread 2597] [14.0] [cxt 0] Pipeline 'egress': start
[16:14:21.896] [bmv2] [D] [thread 2597] [14.0] [cxt 0] Pipeline 'egress': end
[16:14:21.896] [bmv2] [D] [thread 2597] [14.0] [cxt 0] Deparser 'deparser': start
[16:14:21.896] [bmv2] [T] [thread 2597] [14.0] [cxt 0] Skipping checksum 'cksum' update because condition not met
[16:14:21.896] [bmv2] [D] [thread 2597] [14.0] [cxt 0] Deparsing header 'ethernet'
[16:14:21.896] [bmv2] [D] [thread 2597] [14.0] [cxt 0] Deparser 'deparser': end
[16:14:21.897] [bmv2] [D] [thread 2601] [13.0] [cxt 0] Transmitting packet of size 90 out of port 0
[16:14:21.897] [bmv2] [D] [thread 2601] [14.0] [cxt 0] Transmitting packet of size 70 out of port 0
[16:14:22.275] [bmv2] [D] [thread 2596] [15.0] [cxt 0] Processing packet received on port 3
[16:14:22.275] [bmv2] [D] [thread 2596] [15.0] [cxt 0] Parser 'parser': start
[16:14:22.275] [bmv2] [D] [thread 2596] [15.0] [cxt 0] Parser 'parser' entering state 'start'
[16:14:22.275] [bmv2] [D] [thread 2596] [15.0] [cxt 0] Extracting header 'ethernet'
[16:14:22.275] [bmv2] [D] [thread 2596] [15.0] [cxt 0] Parser state 'start': key is 86dd
[16:14:22.275] [bmv2] [T] [thread 2596] [15.0] [cxt 0] Bytes parsed: 14
[16:14:22.275] [bmv2] [D] [thread 2596] [15.0] [cxt 0] Parser 'parser': end
[16:14:22.275] [bmv2] [D] [thread 2596] [15.0] [cxt 0] Pipeline 'ingress': start
[16:14:22.275] [bmv2] [T] [thread 2596] [15.0] [cxt 0] basic.p4(596) Condition "hdr.ipv4.isValid()" (node_2) is false
[16:14:22.275] [bmv2] [D] [thread 2596] [15.0] [cxt 0] Pipeline 'ingress': end
[16:14:22.275] [bmv2] [D] [thread 2596] [15.0] [cxt 0] Egress port is 0
[16:14:22.275] [bmv2] [D] [thread 2597] [15.0] [cxt 0] Pipeline 'egress': start
[16:14:22.275] [bmv2] [D] [thread 2597] [15.0] [cxt 0] Pipeline 'egress': end
[16:14:22.275] [bmv2] [D] [thread 2597] [15.0] [cxt 0] Deparser 'deparser': start
[16:14:22.275] [bmv2] [T] [thread 2597] [15.0] [cxt 0] Skipping checksum 'cksum' update because condition not met
[16:14:22.275] [bmv2] [D] [thread 2597] [15.0] [cxt 0] Deparsing header 'ethernet'
[16:14:22.275] [bmv2] [D] [thread 2597] [15.0] [cxt 0] Deparser 'deparser': end
[16:14:22.276] [bmv2] [D] [thread 2601] [15.0] [cxt 0] Transmitting packet of size 90 out of port 0
[16:14:22.499] [bmv2] [D] [thread 2596] [16.0] [cxt 0] Processing packet received on port 2
[16:14:22.499] [bmv2] [D] [thread 2596] [16.0] [cxt 0] Parser 'parser': start
[16:14:22.499] [bmv2] [D] [thread 2596] [16.0] [cxt 0] Parser 'parser' entering state 'start'
[16:14:22.499] [bmv2] [D] [thread 2596] [16.0] [cxt 0] Extracting header 'ethernet'
[16:14:22.499] [bmv2] [D] [thread 2596] [16.0] [cxt 0] Parser state 'start': key is 86dd
[16:14:22.499] [bmv2] [T] [thread 2596] [16.0] [cxt 0] Bytes parsed: 14
[16:14:22.499] [bmv2] [D] [thread 2596] [16.0] [cxt 0] Parser 'parser': end
[16:14:22.499] [bmv2] [D] [thread 2596] [16.0] [cxt 0] Pipeline 'ingress': start
[16:14:22.499] [bmv2] [T] [thread 2596] [16.0] [cxt 0] basic.p4(596) Condition "hdr.ipv4.isValid()" (node_2) is false
[16:14:22.499] [bmv2] [D] [thread 2596] [16.0] [cxt 0] Pipeline 'ingress': end
[16:14:22.499] [bmv2] [D] [thread 2596] [16.0] [cxt 0] Egress port is 0
[16:14:22.499] [bmv2] [D] [thread 2597] [16.0] [cxt 0] Pipeline 'egress': start
[16:14:22.499] [bmv2] [D] [thread 2597] [16.0] [cxt 0] Pipeline 'egress': end
[16:14:22.499] [bmv2] [D] [thread 2597] [16.0] [cxt 0] Deparser 'deparser': start
[16:14:22.499] [bmv2] [T] [thread 2597] [16.0] [cxt 0] Skipping checksum 'cksum' update because condition not met
[16:14:22.499] [bmv2] [D] [thread 2597] [16.0] [cxt 0] Deparsing header 'ethernet'
[16:14:22.499] [bmv2] [D] [thread 2597] [16.0] [cxt 0] Deparser 'deparser': end
[16:14:22.499] [bmv2] [D] [thread 2601] [16.0] [cxt 0] Transmitting packet of size 90 out of port 0
[16:14:22.715] [bmv2] [D] [thread 2596] [17.0] [cxt 0] Processing packet received on port 1
[16:14:22.715] [bmv2] [D] [thread 2596] [17.0] [cxt 0] Parser 'parser': start
[16:14:22.715] [bmv2] [D] [thread 2596] [17.0] [cxt 0] Parser 'parser' entering state 'start'
[16:14:22.715] [bmv2] [D] [thread 2596] [17.0] [cxt 0] Extracting header 'ethernet'
[16:14:22.715] [bmv2] [D] [thread 2596] [17.0] [cxt 0] Parser state 'start': key is 86dd
[16:14:22.715] [bmv2] [T] [thread 2596] [17.0] [cxt 0] Bytes parsed: 14
[16:14:22.715] [bmv2] [D] [thread 2596] [17.0] [cxt 0] Parser 'parser': end
[16:14:22.715] [bmv2] [D] [thread 2596] [17.0] [cxt 0] Pipeline 'ingress': start
[16:14:22.715] [bmv2] [T] [thread 2596] [17.0] [cxt 0] basic.p4(596) Condition "hdr.ipv4.isValid()" (node_2) is false
[16:14:22.715] [bmv2] [D] [thread 2596] [17.0] [cxt 0] Pipeline 'ingress': end
[16:14:22.715] [bmv2] [D] [thread 2596] [17.0] [cxt 0] Egress port is 0
[16:14:22.715] [bmv2] [D] [thread 2597] [17.0] [cxt 0] Pipeline 'egress': start
[16:14:22.715] [bmv2] [D] [thread 2597] [17.0] [cxt 0] Pipeline 'egress': end
[16:14:22.715] [bmv2] [D] [thread 2597] [17.0] [cxt 0] Deparser 'deparser': start
[16:14:22.715] [bmv2] [T] [thread 2597] [17.0] [cxt 0] Skipping checksum 'cksum' update because condition not met
[16:14:22.715] [bmv2] [D] [thread 2597] [17.0] [cxt 0] Deparsing header 'ethernet'
[16:14:22.715] [bmv2] [D] [thread 2597] [17.0] [cxt 0] Deparser 'deparser': end
[16:14:22.715] [bmv2] [D] [thread 2601] [17.0] [cxt 0] Transmitting packet of size 90 out of port 0
[16:14:25.795] [bmv2] [D] [thread 2596] [18.0] [cxt 0] Processing packet received on port 1
[16:14:25.795] [bmv2] [D] [thread 2596] [18.0] [cxt 0] Parser 'parser': start
[16:14:25.795] [bmv2] [D] [thread 2596] [18.0] [cxt 0] Parser 'parser' entering state 'start'
[16:14:25.795] [bmv2] [D] [thread 2596] [18.0] [cxt 0] Extracting header 'ethernet'
[16:14:25.795] [bmv2] [D] [thread 2596] [18.0] [cxt 0] Parser state 'start': key is 86dd
[16:14:25.795] [bmv2] [T] [thread 2596] [18.0] [cxt 0] Bytes parsed: 14
[16:14:25.795] [bmv2] [D] [thread 2596] [18.0] [cxt 0] Parser 'parser': end
[16:14:25.795] [bmv2] [D] [thread 2596] [18.0] [cxt 0] Pipeline 'ingress': start
[16:14:25.795] [bmv2] [T] [thread 2596] [18.0] [cxt 0] basic.p4(596) Condition "hdr.ipv4.isValid()" (node_2) is false
[16:14:25.795] [bmv2] [D] [thread 2596] [18.0] [cxt 0] Pipeline 'ingress': end
[16:14:25.795] [bmv2] [D] [thread 2596] [18.0] [cxt 0] Egress port is 0
[16:14:25.795] [bmv2] [D] [thread 2596] [19.0] [cxt 0] Processing packet received on port 3
[16:14:25.795] [bmv2] [D] [thread 2596] [19.0] [cxt 0] Parser 'parser': start
[16:14:25.795] [bmv2] [D] [thread 2596] [19.0] [cxt 0] Parser 'parser' entering state 'start'
[16:14:25.795] [bmv2] [D] [thread 2596] [19.0] [cxt 0] Extracting header 'ethernet'
[16:14:25.795] [bmv2] [D] [thread 2596] [19.0] [cxt 0] Parser state 'start': key is 86dd
[16:14:25.795] [bmv2] [T] [thread 2596] [19.0] [cxt 0] Bytes parsed: 14
[16:14:25.795] [bmv2] [D] [thread 2596] [19.0] [cxt 0] Parser 'parser': end
[16:14:25.795] [bmv2] [D] [thread 2596] [19.0] [cxt 0] Pipeline 'ingress': start
[16:14:25.795] [bmv2] [T] [thread 2596] [19.0] [cxt 0] basic.p4(596) Condition "hdr.ipv4.isValid()" (node_2) is false
[16:14:25.795] [bmv2] [D] [thread 2596] [19.0] [cxt 0] Pipeline 'ingress': end
[16:14:25.795] [bmv2] [D] [thread 2596] [19.0] [cxt 0] Egress port is 0
[16:14:25.795] [bmv2] [D] [thread 2596] [20.0] [cxt 0] Processing packet received on port 4
[16:14:25.795] [bmv2] [D] [thread 2596] [20.0] [cxt 0] Parser 'parser': start
[16:14:25.795] [bmv2] [D] [thread 2596] [20.0] [cxt 0] Parser 'parser' entering state 'start'
[16:14:25.795] [bmv2] [D] [thread 2596] [20.0] [cxt 0] Extracting header 'ethernet'
[16:14:25.795] [bmv2] [D] [thread 2596] [20.0] [cxt 0] Parser state 'start': key is 86dd
[16:14:25.795] [bmv2] [T] [thread 2596] [20.0] [cxt 0] Bytes parsed: 14
[16:14:25.795] [bmv2] [D] [thread 2596] [20.0] [cxt 0] Parser 'parser': end
[16:14:25.795] [bmv2] [D] [thread 2596] [20.0] [cxt 0] Pipeline 'ingress': start
[16:14:25.795] [bmv2] [D] [thread 2597] [18.0] [cxt 0] Pipeline 'egress': start
[16:14:25.795] [bmv2] [D] [thread 2597] [18.0] [cxt 0] Pipeline 'egress': end
[16:14:25.795] [bmv2] [D] [thread 2597] [18.0] [cxt 0] Deparser 'deparser': start
[16:14:25.795] [bmv2] [T] [thread 2597] [18.0] [cxt 0] Skipping checksum 'cksum' update because condition not met
[16:14:25.795] [bmv2] [D] [thread 2597] [18.0] [cxt 0] Deparsing header 'ethernet'
[16:14:25.795] [bmv2] [D] [thread 2597] [18.0] [cxt 0] Deparser 'deparser': end
[16:14:25.795] [bmv2] [T] [thread 2596] [20.0] [cxt 0] basic.p4(596) Condition "hdr.ipv4.isValid()" (node_2) is false
[16:14:25.795] [bmv2] [D] [thread 2596] [20.0] [cxt 0] Pipeline 'ingress': end
[16:14:25.795] [bmv2] [D] [thread 2596] [20.0] [cxt 0] Egress port is 0
[16:14:25.795] [bmv2] [D] [thread 2601] [18.0] [cxt 0] Transmitting packet of size 70 out of port 0
[16:14:25.795] [bmv2] [D] [thread 2597] [19.0] [cxt 0] Pipeline 'egress': start
[16:14:25.795] [bmv2] [D] [thread 2597] [19.0] [cxt 0] Pipeline 'egress': end
[16:14:25.795] [bmv2] [D] [thread 2597] [19.0] [cxt 0] Deparser 'deparser': start
[16:14:25.795] [bmv2] [T] [thread 2597] [19.0] [cxt 0] Skipping checksum 'cksum' update because condition not met
[16:14:25.795] [bmv2] [D] [thread 2597] [19.0] [cxt 0] Deparsing header 'ethernet'
[16:14:25.795] [bmv2] [D] [thread 2597] [19.0] [cxt 0] Deparser 'deparser': end
[16:14:25.795] [bmv2] [D] [thread 2597] [20.0] [cxt 0] Pipeline 'egress': start
[16:14:25.795] [bmv2] [D] [thread 2597] [20.0] [cxt 0] Pipeline 'egress': end
[16:14:25.795] [bmv2] [D] [thread 2597] [20.0] [cxt 0] Deparser 'deparser': start
[16:14:25.795] [bmv2] [T] [thread 2597] [20.0] [cxt 0] Skipping checksum 'cksum' update because condition not met
[16:14:25.795] [bmv2] [D] [thread 2597] [20.0] [cxt 0] Deparsing header 'ethernet'
[16:14:25.795] [bmv2] [D] [thread 2597] [20.0] [cxt 0] Deparser 'deparser': end
[16:14:25.795] [bmv2] [D] [thread 2601] [19.0] [cxt 0] Transmitting packet of size 70 out of port 0
[16:14:25.795] [bmv2] [D] [thread 2601] [20.0] [cxt 0] Transmitting packet of size 70 out of port 0
[16:14:26.057] [bmv2] [D] [thread 2596] [21.0] [cxt 0] Processing packet received on port 2
[16:14:26.058] [bmv2] [D] [thread 2596] [21.0] [cxt 0] Parser 'parser': start
[16:14:26.058] [bmv2] [D] [thread 2596] [21.0] [cxt 0] Parser 'parser' entering state 'start'
[16:14:26.058] [bmv2] [D] [thread 2596] [21.0] [cxt 0] Extracting header 'ethernet'
[16:14:26.058] [bmv2] [D] [thread 2596] [21.0] [cxt 0] Parser state 'start': key is 86dd
[16:14:26.058] [bmv2] [T] [thread 2596] [21.0] [cxt 0] Bytes parsed: 14
[16:14:26.058] [bmv2] [D] [thread 2596] [21.0] [cxt 0] Parser 'parser': end
[16:14:26.058] [bmv2] [D] [thread 2596] [21.0] [cxt 0] Pipeline 'ingress': start
[16:14:26.058] [bmv2] [T] [thread 2596] [21.0] [cxt 0] basic.p4(596) Condition "hdr.ipv4.isValid()" (node_2) is false
[16:14:26.058] [bmv2] [D] [thread 2596] [21.0] [cxt 0] Pipeline 'ingress': end
[16:14:26.058] [bmv2] [D] [thread 2596] [21.0] [cxt 0] Egress port is 0
[16:14:26.058] [bmv2] [D] [thread 2597] [21.0] [cxt 0] Pipeline 'egress': start
[16:14:26.058] [bmv2] [D] [thread 2597] [21.0] [cxt 0] Pipeline 'egress': end
[16:14:26.058] [bmv2] [D] [thread 2597] [21.0] [cxt 0] Deparser 'deparser': start
[16:14:26.058] [bmv2] [T] [thread 2597] [21.0] [cxt 0] Skipping checksum 'cksum' update because condition not met
[16:14:26.058] [bmv2] [D] [thread 2597] [21.0] [cxt 0] Deparsing header 'ethernet'
[16:14:26.058] [bmv2] [D] [thread 2597] [21.0] [cxt 0] Deparser 'deparser': end
[16:14:26.058] [bmv2] [D] [thread 2601] [21.0] [cxt 0] Transmitting packet of size 70 out of port 0
[16:14:33.732] [bmv2] [D] [thread 2596] [22.0] [cxt 0] Processing packet received on port 1
[16:14:33.733] [bmv2] [D] [thread 2596] [22.0] [cxt 0] Parser 'parser': start
[16:14:33.733] [bmv2] [D] [thread 2596] [22.0] [cxt 0] Parser 'parser' entering state 'start'
[16:14:33.733] [bmv2] [D] [thread 2596] [22.0] [cxt 0] Extracting header 'ethernet'
[16:14:33.733] [bmv2] [D] [thread 2596] [22.0] [cxt 0] Parser state 'start': key is 86dd
[16:14:33.733] [bmv2] [T] [thread 2596] [22.0] [cxt 0] Bytes parsed: 14
[16:14:33.733] [bmv2] [D] [thread 2596] [22.0] [cxt 0] Parser 'parser': end
[16:14:33.733] [bmv2] [D] [thread 2596] [22.0] [cxt 0] Pipeline 'ingress': start
[16:14:33.733] [bmv2] [T] [thread 2596] [22.0] [cxt 0] basic.p4(596) Condition "hdr.ipv4.isValid()" (node_2) is false
[16:14:33.733] [bmv2] [D] [thread 2596] [22.0] [cxt 0] Pipeline 'ingress': end
[16:14:33.733] [bmv2] [D] [thread 2596] [22.0] [cxt 0] Egress port is 0
[16:14:33.733] [bmv2] [D] [thread 2597] [22.0] [cxt 0] Pipeline 'egress': start
[16:14:33.733] [bmv2] [D] [thread 2597] [22.0] [cxt 0] Pipeline 'egress': end
[16:14:33.733] [bmv2] [D] [thread 2597] [22.0] [cxt 0] Deparser 'deparser': start
[16:14:33.733] [bmv2] [T] [thread 2597] [22.0] [cxt 0] Skipping checksum 'cksum' update because condition not met
[16:14:33.733] [bmv2] [D] [thread 2597] [22.0] [cxt 0] Deparsing header 'ethernet'
[16:14:33.733] [bmv2] [D] [thread 2597] [22.0] [cxt 0] Deparser 'deparser': end
[16:14:33.733] [bmv2] [D] [thread 2601] [22.0] [cxt 0] Transmitting packet of size 70 out of port 0
[16:14:33.987] [bmv2] [D] [thread 2596] [23.0] [cxt 0] Processing packet received on port 3
[16:14:33.987] [bmv2] [D] [thread 2596] [23.0] [cxt 0] Parser 'parser': start
[16:14:33.987] [bmv2] [D] [thread 2596] [23.0] [cxt 0] Parser 'parser' entering state 'start'
[16:14:33.987] [bmv2] [D] [thread 2596] [23.0] [cxt 0] Extracting header 'ethernet'
[16:14:33.987] [bmv2] [D] [thread 2596] [23.0] [cxt 0] Parser state 'start': key is 86dd
[16:14:33.987] [bmv2] [T] [thread 2596] [23.0] [cxt 0] Bytes parsed: 14
[16:14:33.987] [bmv2] [D] [thread 2596] [23.0] [cxt 0] Parser 'parser': end
[16:14:33.987] [bmv2] [D] [thread 2596] [23.0] [cxt 0] Pipeline 'ingress': start
[16:14:33.987] [bmv2] [T] [thread 2596] [23.0] [cxt 0] basic.p4(596) Condition "hdr.ipv4.isValid()" (node_2) is false
[16:14:33.987] [bmv2] [D] [thread 2596] [23.0] [cxt 0] Pipeline 'ingress': end
[16:14:33.987] [bmv2] [D] [thread 2596] [23.0] [cxt 0] Egress port is 0
[16:14:33.987] [bmv2] [D] [thread 2596] [24.0] [cxt 0] Processing packet received on port 4
[16:14:33.987] [bmv2] [D] [thread 2596] [24.0] [cxt 0] Parser 'parser': start
[16:14:33.987] [bmv2] [D] [thread 2596] [24.0] [cxt 0] Parser 'parser' entering state 'start'
[16:14:33.987] [bmv2] [D] [thread 2596] [24.0] [cxt 0] Extracting header 'ethernet'
[16:14:33.987] [bmv2] [D] [thread 2596] [24.0] [cxt 0] Parser state 'start': key is 86dd
[16:14:33.987] [bmv2] [T] [thread 2596] [24.0] [cxt 0] Bytes parsed: 14
[16:14:33.987] [bmv2] [D] [thread 2596] [24.0] [cxt 0] Parser 'parser': end
[16:14:33.987] [bmv2] [D] [thread 2596] [24.0] [cxt 0] Pipeline 'ingress': start
[16:14:33.987] [bmv2] [T] [thread 2596] [24.0] [cxt 0] basic.p4(596) Condition "hdr.ipv4.isValid()" (node_2) is false
[16:14:33.987] [bmv2] [D] [thread 2596] [24.0] [cxt 0] Pipeline 'ingress': end
[16:14:33.987] [bmv2] [D] [thread 2596] [24.0] [cxt 0] Egress port is 0
[16:14:33.987] [bmv2] [D] [thread 2597] [23.0] [cxt 0] Pipeline 'egress': start
[16:14:33.987] [bmv2] [D] [thread 2597] [23.0] [cxt 0] Pipeline 'egress': end
[16:14:33.987] [bmv2] [D] [thread 2597] [23.0] [cxt 0] Deparser 'deparser': start
[16:14:33.987] [bmv2] [T] [thread 2597] [23.0] [cxt 0] Skipping checksum 'cksum' update because condition not met
[16:14:33.987] [bmv2] [D] [thread 2597] [23.0] [cxt 0] Deparsing header 'ethernet'
[16:14:33.987] [bmv2] [D] [thread 2597] [23.0] [cxt 0] Deparser 'deparser': end
[16:14:33.987] [bmv2] [D] [thread 2597] [24.0] [cxt 0] Pipeline 'egress': start
[16:14:33.987] [bmv2] [D] [thread 2597] [24.0] [cxt 0] Pipeline 'egress': end
[16:14:33.987] [bmv2] [D] [thread 2597] [24.0] [cxt 0] Deparser 'deparser': start
[16:14:33.987] [bmv2] [D] [thread 2601] [23.0] [cxt 0] Transmitting packet of size 70 out of port 0
[16:14:33.987] [bmv2] [T] [thread 2597] [24.0] [cxt 0] Skipping checksum 'cksum' update because condition not met
[16:14:33.987] [bmv2] [D] [thread 2597] [24.0] [cxt 0] Deparsing header 'ethernet'
[16:14:33.987] [bmv2] [D] [thread 2597] [24.0] [cxt 0] Deparser 'deparser': end
[16:14:33.987] [bmv2] [D] [thread 2601] [24.0] [cxt 0] Transmitting packet of size 70 out of port 0
[16:14:34.755] [bmv2] [D] [thread 2596] [25.0] [cxt 0] Processing packet received on port 2
[16:14:34.755] [bmv2] [D] [thread 2596] [25.0] [cxt 0] Parser 'parser': start
[16:14:34.755] [bmv2] [D] [thread 2596] [25.0] [cxt 0] Parser 'parser' entering state 'start'
[16:14:34.755] [bmv2] [D] [thread 2596] [25.0] [cxt 0] Extracting header 'ethernet'
[16:14:34.755] [bmv2] [D] [thread 2596] [25.0] [cxt 0] Parser state 'start': key is 86dd
[16:14:34.755] [bmv2] [T] [thread 2596] [25.0] [cxt 0] Bytes parsed: 14
[16:14:34.756] [bmv2] [D] [thread 2596] [25.0] [cxt 0] Parser 'parser': end
[16:14:34.756] [bmv2] [D] [thread 2596] [25.0] [cxt 0] Pipeline 'ingress': start
[16:14:34.756] [bmv2] [T] [thread 2596] [25.0] [cxt 0] basic.p4(596) Condition "hdr.ipv4.isValid()" (node_2) is false
[16:14:34.756] [bmv2] [D] [thread 2596] [25.0] [cxt 0] Pipeline 'ingress': end
[16:14:34.756] [bmv2] [D] [thread 2596] [25.0] [cxt 0] Egress port is 0
[16:14:34.756] [bmv2] [D] [thread 2597] [25.0] [cxt 0] Pipeline 'egress': start
[16:14:34.756] [bmv2] [D] [thread 2597] [25.0] [cxt 0] Pipeline 'egress': end
[16:14:34.756] [bmv2] [D] [thread 2597] [25.0] [cxt 0] Deparser 'deparser': start
[16:14:34.756] [bmv2] [T] [thread 2597] [25.0] [cxt 0] Skipping checksum 'cksum' update because condition not met
[16:14:34.756] [bmv2] [D] [thread 2597] [25.0] [cxt 0] Deparsing header 'ethernet'
[16:14:34.756] [bmv2] [D] [thread 2597] [25.0] [cxt 0] Deparser 'deparser': end
[16:14:34.756] [bmv2] [D] [thread 2601] [25.0] [cxt 0] Transmitting packet of size 70 out of port 0
[16:14:49.611] [bmv2] [D] [thread 2596] [26.0] [cxt 0] Processing packet received on port 1
[16:14:49.611] [bmv2] [D] [thread 2596] [26.0] [cxt 0] Parser 'parser': start
[16:14:49.611] [bmv2] [D] [thread 2596] [26.0] [cxt 0] Parser 'parser' entering state 'start'
[16:14:49.611] [bmv2] [D] [thread 2596] [26.0] [cxt 0] Extracting header 'ethernet'
[16:14:49.611] [bmv2] [D] [thread 2596] [26.0] [cxt 0] Parser state 'start': key is 86dd
[16:14:49.611] [bmv2] [T] [thread 2596] [26.0] [cxt 0] Bytes parsed: 14
[16:14:49.611] [bmv2] [D] [thread 2596] [26.0] [cxt 0] Parser 'parser': end
[16:14:49.611] [bmv2] [D] [thread 2596] [26.0] [cxt 0] Pipeline 'ingress': start
[16:14:49.611] [bmv2] [T] [thread 2596] [26.0] [cxt 0] basic.p4(596) Condition "hdr.ipv4.isValid()" (node_2) is false
[16:14:49.611] [bmv2] [D] [thread 2596] [26.0] [cxt 0] Pipeline 'ingress': end
[16:14:49.611] [bmv2] [D] [thread 2596] [26.0] [cxt 0] Egress port is 0
[16:14:49.611] [bmv2] [D] [thread 2596] [27.0] [cxt 0] Processing packet received on port 4
[16:14:49.611] [bmv2] [D] [thread 2596] [27.0] [cxt 0] Parser 'parser': start
[16:14:49.611] [bmv2] [D] [thread 2596] [27.0] [cxt 0] Parser 'parser' entering state 'start'
[16:14:49.611] [bmv2] [D] [thread 2596] [27.0] [cxt 0] Extracting header 'ethernet'
[16:14:49.611] [bmv2] [D] [thread 2596] [27.0] [cxt 0] Parser state 'start': key is 86dd
[16:14:49.611] [bmv2] [T] [thread 2596] [27.0] [cxt 0] Bytes parsed: 14
[16:14:49.611] [bmv2] [D] [thread 2597] [26.0] [cxt 0] Pipeline 'egress': start
[16:14:49.611] [bmv2] [D] [thread 2597] [26.0] [cxt 0] Pipeline 'egress': end
[16:14:49.611] [bmv2] [D] [thread 2597] [26.0] [cxt 0] Deparser 'deparser': start
[16:14:49.611] [bmv2] [T] [thread 2597] [26.0] [cxt 0] Skipping checksum 'cksum' update because condition not met
[16:14:49.612] [bmv2] [D] [thread 2597] [26.0] [cxt 0] Deparsing header 'ethernet'
[16:14:49.612] [bmv2] [D] [thread 2597] [26.0] [cxt 0] Deparser 'deparser': end
[16:14:49.612] [bmv2] [D] [thread 2601] [26.0] [cxt 0] Transmitting packet of size 70 out of port 0
[16:14:49.611] [bmv2] [D] [thread 2596] [27.0] [cxt 0] Parser 'parser': end
[16:14:49.612] [bmv2] [D] [thread 2596] [27.0] [cxt 0] Pipeline 'ingress': start
[16:14:49.612] [bmv2] [T] [thread 2596] [27.0] [cxt 0] basic.p4(596) Condition "hdr.ipv4.isValid()" (node_2) is false
[16:14:49.612] [bmv2] [D] [thread 2596] [27.0] [cxt 0] Pipeline 'ingress': end
[16:14:49.612] [bmv2] [D] [thread 2596] [27.0] [cxt 0] Egress port is 0
[16:14:49.612] [bmv2] [D] [thread 2597] [27.0] [cxt 0] Pipeline 'egress': start
[16:14:49.612] [bmv2] [D] [thread 2597] [27.0] [cxt 0] Pipeline 'egress': end
[16:14:49.612] [bmv2] [D] [thread 2597] [27.0] [cxt 0] Deparser 'deparser': start
[16:14:49.612] [bmv2] [T] [thread 2597] [27.0] [cxt 0] Skipping checksum 'cksum' update because condition not met
[16:14:49.612] [bmv2] [D] [thread 2597] [27.0] [cxt 0] Deparsing header 'ethernet'
[16:14:49.612] [bmv2] [D] [thread 2597] [27.0] [cxt 0] Deparser 'deparser': end
[16:14:49.612] [bmv2] [D] [thread 2601] [27.0] [cxt 0] Transmitting packet of size 70 out of port 0
[16:14:51.411] [bmv2] [D] [thread 2596] [28.0] [cxt 0] Processing packet received on port 2
[16:14:51.411] [bmv2] [D] [thread 2596] [28.0] [cxt 0] Parser 'parser': start
[16:14:51.411] [bmv2] [D] [thread 2596] [28.0] [cxt 0] Parser 'parser' entering state 'start'
[16:14:51.411] [bmv2] [D] [thread 2596] [28.0] [cxt 0] Extracting header 'ethernet'
[16:14:51.411] [bmv2] [D] [thread 2596] [28.0] [cxt 0] Parser state 'start': key is 86dd
[16:14:51.411] [bmv2] [T] [thread 2596] [28.0] [cxt 0] Bytes parsed: 14
[16:14:51.411] [bmv2] [D] [thread 2596] [28.0] [cxt 0] Parser 'parser': end
[16:14:51.411] [bmv2] [D] [thread 2596] [28.0] [cxt 0] Pipeline 'ingress': start
[16:14:51.411] [bmv2] [T] [thread 2596] [28.0] [cxt 0] basic.p4(596) Condition "hdr.ipv4.isValid()" (node_2) is false
[16:14:51.411] [bmv2] [D] [thread 2596] [28.0] [cxt 0] Pipeline 'ingress': end
[16:14:51.411] [bmv2] [D] [thread 2596] [28.0] [cxt 0] Egress port is 0
[16:14:51.411] [bmv2] [D] [thread 2596] [29.0] [cxt 0] Processing packet received on port 3
[16:14:51.411] [bmv2] [D] [thread 2596] [29.0] [cxt 0] Parser 'parser': start
[16:14:51.411] [bmv2] [D] [thread 2596] [29.0] [cxt 0] Parser 'parser' entering state 'start'
[16:14:51.411] [bmv2] [D] [thread 2596] [29.0] [cxt 0] Extracting header 'ethernet'
[16:14:51.411] [bmv2] [D] [thread 2596] [29.0] [cxt 0] Parser state 'start': key is 86dd
[16:14:51.411] [bmv2] [T] [thread 2596] [29.0] [cxt 0] Bytes parsed: 14
[16:14:51.412] [bmv2] [D] [thread 2596] [29.0] [cxt 0] Parser 'parser': end
[16:14:51.412] [bmv2] [D] [thread 2596] [29.0] [cxt 0] Pipeline 'ingress': start
[16:14:51.412] [bmv2] [T] [thread 2596] [29.0] [cxt 0] basic.p4(596) Condition "hdr.ipv4.isValid()" (node_2) is false
[16:14:51.411] [bmv2] [D] [thread 2597] [28.0] [cxt 0] Pipeline 'egress': start
[16:14:51.412] [bmv2] [D] [thread 2597] [28.0] [cxt 0] Pipeline 'egress': end
[16:14:51.412] [bmv2] [D] [thread 2596] [29.0] [cxt 0] Pipeline 'ingress': end
[16:14:51.412] [bmv2] [D] [thread 2596] [29.0] [cxt 0] Egress port is 0
[16:14:51.412] [bmv2] [D] [thread 2597] [28.0] [cxt 0] Deparser 'deparser': start
[16:14:51.412] [bmv2] [T] [thread 2597] [28.0] [cxt 0] Skipping checksum 'cksum' update because condition not met
[16:14:51.412] [bmv2] [D] [thread 2597] [28.0] [cxt 0] Deparsing header 'ethernet'
[16:14:51.412] [bmv2] [D] [thread 2597] [28.0] [cxt 0] Deparser 'deparser': end
[16:14:51.412] [bmv2] [D] [thread 2597] [29.0] [cxt 0] Pipeline 'egress': start
[16:14:51.412] [bmv2] [D] [thread 2597] [29.0] [cxt 0] Pipeline 'egress': end
[16:14:51.412] [bmv2] [D] [thread 2597] [29.0] [cxt 0] Deparser 'deparser': start
[16:14:51.412] [bmv2] [T] [thread 2597] [29.0] [cxt 0] Skipping checksum 'cksum' update because condition not met
[16:14:51.412] [bmv2] [D] [thread 2597] [29.0] [cxt 0] Deparsing header 'ethernet'
[16:14:51.412] [bmv2] [D] [thread 2597] [29.0] [cxt 0] Deparser 'deparser': end
[16:14:51.412] [bmv2] [D] [thread 2601] [28.0] [cxt 0] Transmitting packet of size 70 out of port 0
[16:14:51.412] [bmv2] [D] [thread 2601] [29.0] [cxt 0] Transmitting packet of size 70 out of port 0
